<?xml version="1.0" encoding="UTF-8"?>
<testng-results skipped="0" failed="0" total="1" passed="1">
  <reporter-output>
  </reporter-output>
  <suite name="Default suite" duration-ms="19180" started-at="2015-10-29T21:14:47Z" finished-at="2015-10-29T21:15:06Z">
    <groups>
    </groups>
    <test name="Default test" duration-ms="19180" started-at="2015-10-29T21:14:47Z" finished-at="2015-10-29T21:15:06Z">
      <class name="com.epam.test.LoginTest">
        <test-method status="PASS" signature="beforeClass()[pri:0, instance:com.epam.test.LoginTest@1cd072a9]" name="beforeClass" is-config="true" duration-ms="13661" started-at="2015-10-29T23:14:47Z" finished-at="2015-10-29T23:15:00Z">
          <reporter-output>
          </reporter-output>
        </test-method> <!-- beforeClass -->
        <test-method status="PASS" signature="testLogin()[pri:0, instance:com.epam.test.LoginTest@1cd072a9]" name="testLogin" duration-ms="5492" started-at="2015-10-29T23:15:00Z" finished-at="2015-10-29T23:15:06Z">
          <reporter-output>
          </reporter-output>
        </test-method> <!-- testLogin -->
        <test-method status="PASS" signature="afterClass()[pri:0, instance:com.epam.test.LoginTest@1cd072a9]" name="afterClass" is-config="true" duration-ms="0" started-at="2015-10-29T23:15:06Z" finished-at="2015-10-29T23:15:06Z">
          <reporter-output>
          </reporter-output>
        </test-method> <!-- afterClass -->
      </class> <!-- com.epam.test.LoginTest -->
    </test> <!-- Default test -->
  </suite> <!-- Default suite -->
</testng-results>
